<?xml version="1.0" encoding="UTF-8"?>
<testng-results skipped="0" failed="0" ignored="0" total="1" passed="1">
  <reporter-output>
  </reporter-output>
  <suite name="Default suite" duration-ms="38049" started-at="2021-03-31T15:03:29Z" finished-at="2021-03-31T15:04:07Z">
    <groups>
    </groups>
    <test name="Default test" duration-ms="38049" started-at="2021-03-31T15:03:29Z" finished-at="2021-03-31T15:04:07Z">
      <class name="org.test.AdactinBrowser">
        <test-method status="PASS" signature="beforeClass()[pri:0, instance:org.test.AdactinBrowser@42e26948]" name="beforeClass" is-config="true" duration-ms="17471" started-at="2021-03-31T15:03:29Z" finished-at="2021-03-31T15:03:46Z">
          <reporter-output>
          </reporter-output>
        </test-method> <!-- beforeClass -->
        <test-method status="PASS" signature="test()[pri:0, instance:org.test.AdactinBrowser@42e26948]" name="test" duration-ms="20470" started-at="2021-03-31T15:03:46Z" finished-at="2021-03-31T15:04:07Z">
          <reporter-output>
          </reporter-output>
        </test-method> <!-- test -->
        <test-method status="PASS" signature="afterClass()[pri:0, instance:org.test.AdactinBrowser@42e26948]" name="afterClass" is-config="true" duration-ms="0" started-at="2021-03-31T15:04:07Z" finished-at="2021-03-31T15:04:07Z">
          <reporter-output>
          </reporter-output>
        </test-method> <!-- afterClass -->
      </class> <!-- org.test.AdactinBrowser -->
    </test> <!-- Default test -->
  </suite> <!-- Default suite -->
</testng-results>
